<?xml version="1.0" encoding="UTF-8"?>
<!-- Generated by org.testng.reporters.JUnitXMLReporter -->
<testsuite ignored="0" hostname="DESKTOP-8RTQIFQ" failures="0" tests="3" name="Surefire test" time="7.733" errors="0" timestamp="2026-04-25T18:46:12 IST">
  <testcase classname="TestCases.HomePageTestCase" name="verifyUrl" time="0.041"/>
  <testcase classname="TestCases.HomePageTestCase" name="verifyTitle" time="0.032"/>
  <testcase classname="TestCases.HomePageTestCase" name="validateSignInLink" time="1.554"/>
</testsuite> <!-- Surefire test -->
