<?xml version="1.0" encoding="UTF-8"?>
<!-- Generated by org.testng.reporters.JUnitXMLReporter -->
<testsuite ignored="0" hostname="DESKTOP-8RTQIFQ" failures="0" tests="3" name="Surefire test" time="9.819" errors="0" timestamp="2026-04-25T23:04:56 IST">
  <testcase classname="TestCases.HomePageTestCase" name="verifyUrl" time="0.034"/>
  <testcase classname="TestCases.HomePageTestCase" name="verifyTitle" time="0.025"/>
  <testcase classname="TestCases.HomePageTestCase" name="validateSignInLink" time="2.581"/>
</testsuite> <!-- Surefire test -->
