<?xml version="1.0" encoding="UTF-8"?>
<!-- Generated by org.testng.reporters.JUnitXMLReporter -->
<testsuite ignored="0" hostname="DESKTOP-8RTQIFQ" failures="0" tests="3" name="Default test" time="7.22" errors="0" timestamp="2026-04-26T00:00:13 IST">
  <testcase classname="TestCases.HomePageTestCase" name="verifyUrl" time="0.108"/>
  <testcase classname="TestCases.HomePageTestCase" name="verifyTitle" time="0.044"/>
  <testcase classname="TestCases.HomePageTestCase" name="validateSignInLink" time="1.523"/>
</testsuite> <!-- Default test -->
