<?xml version="1.0" encoding="UTF-8"?>
<testng-results ignored="0" total="3" passed="3" failed="0" skipped="0">
  <reporter-output>
  </reporter-output>
  <suite started-at="2026-04-25T23:04:46 IST" name="Surefire suite" finished-at="2026-04-25T23:04:56 IST" duration-ms="9819">
    <groups>
    </groups>
    <test started-at="2026-04-25T23:04:46 IST" name="Surefire test" finished-at="2026-04-25T23:04:56 IST" duration-ms="9819">
      <class name="TestCases.HomePageTestCase">
        <test-method is-config="true" signature="setup()[pri:0, instance:TestCases.HomePageTestCase@4b5a5ed1]" started-at="2026-04-25T23:04:46 IST" name="setup" finished-at="2026-04-25T23:04:53 IST" duration-ms="7046" status="PASS">
          <reporter-output>
          </reporter-output>
        </test-method> <!-- setup -->
        <test-method signature="verifyUrl()[pri:1, instance:TestCases.HomePageTestCase@4b5a5ed1]" started-at="2026-04-25T23:04:53 IST" name="verifyUrl" finished-at="2026-04-25T23:04:53 IST" duration-ms="34" status="PASS">
          <reporter-output>
          </reporter-output>
        </test-method> <!-- verifyUrl -->
        <test-method signature="verifyTitle()[pri:2, instance:TestCases.HomePageTestCase@4b5a5ed1]" started-at="2026-04-25T23:04:53 IST" name="verifyTitle" finished-at="2026-04-25T23:04:53 IST" duration-ms="25" status="PASS">
          <reporter-output>
          </reporter-output>
        </test-method> <!-- verifyTitle -->
        <test-method signature="validateSignInLink()[pri:3, instance:TestCases.HomePageTestCase@4b5a5ed1]" started-at="2026-04-25T23:04:53 IST" name="validateSignInLink" finished-at="2026-04-25T23:04:56 IST" duration-ms="2581" status="PASS">
          <reporter-output>
          </reporter-output>
        </test-method> <!-- validateSignInLink -->
      </class> <!-- TestCases.HomePageTestCase -->
    </test> <!-- Surefire test -->
  </suite> <!-- Surefire suite -->
</testng-results>
