<?xml version="1.0" encoding="UTF-8"?>
<testng-results ignored="0" total="3" passed="3" failed="0" skipped="0">
  <reporter-output>
  </reporter-output>
  <suite started-at="2026-04-25T20:53:45 IST" name="Default suite" finished-at="2026-04-25T20:53:53 IST" duration-ms="7976">
    <groups>
    </groups>
    <test started-at="2026-04-25T20:53:45 IST" name="Default test" finished-at="2026-04-25T20:53:53 IST" duration-ms="7976">
      <class name="TestCases.HomePageTestCase">
        <test-method is-config="true" signature="setup()[pri:0, instance:TestCases.HomePageTestCase@65fb9ffc]" started-at="2026-04-25T20:53:45 IST" name="setup" finished-at="2026-04-25T20:53:51 IST" duration-ms="6207" status="PASS">
          <reporter-output>
          </reporter-output>
        </test-method> <!-- setup -->
        <test-method signature="verifyUrl()[pri:1, instance:TestCases.HomePageTestCase@65fb9ffc]" started-at="2026-04-25T20:53:51 IST" name="verifyUrl" finished-at="2026-04-25T20:53:51 IST" duration-ms="51" status="PASS">
          <reporter-output>
          </reporter-output>
        </test-method> <!-- verifyUrl -->
        <test-method signature="verifyTitle()[pri:2, instance:TestCases.HomePageTestCase@65fb9ffc]" started-at="2026-04-25T20:53:51 IST" name="verifyTitle" finished-at="2026-04-25T20:53:51 IST" duration-ms="36" status="PASS">
          <reporter-output>
          </reporter-output>
        </test-method> <!-- verifyTitle -->
        <test-method signature="validateSignInLink()[pri:3, instance:TestCases.HomePageTestCase@65fb9ffc]" started-at="2026-04-25T20:53:51 IST" name="validateSignInLink" finished-at="2026-04-25T20:53:53 IST" duration-ms="1569" status="PASS">
          <reporter-output>
          </reporter-output>
        </test-method> <!-- validateSignInLink -->
      </class> <!-- TestCases.HomePageTestCase -->
    </test> <!-- Default test -->
  </suite> <!-- Default suite -->
</testng-results>
