<?xml version="1.0" encoding="UTF-8"?>
<testng-results ignored="0" total="1" passed="1" failed="0" skipped="0">
  <reporter-output>
  </reporter-output>
  <suite started-at="2026-04-24T22:31:04 IST" name="Default suite" finished-at="2026-04-24T22:31:11 IST" duration-ms="7308">
    <groups>
    </groups>
    <test started-at="2026-04-24T22:31:04 IST" name="Default test" finished-at="2026-04-24T22:31:11 IST" duration-ms="7308">
      <class name="TestCases.LoginPageTestcase">
        <test-method is-config="true" signature="setup()[pri:0, instance:TestCases.LoginPageTestcase@515c6049]" started-at="2026-04-24T22:31:04 IST" name="setup" finished-at="2026-04-24T22:31:08 IST" duration-ms="4115" status="PASS">
          <reporter-output>
          </reporter-output>
        </test-method> <!-- setup -->
        <test-method is-config="true" signature="pageSetup()[pri:0, instance:TestCases.LoginPageTestcase@515c6049]" started-at="2026-04-24T22:31:08 IST" name="pageSetup" finished-at="2026-04-24T22:31:10 IST" duration-ms="1327" status="PASS">
          <reporter-output>
          </reporter-output>
        </test-method> <!-- pageSetup -->
        <test-method signature="validateLogin()[pri:0, instance:TestCases.LoginPageTestcase@515c6049]" started-at="2026-04-24T22:31:10 IST" name="validateLogin" finished-at="2026-04-24T22:31:11 IST" duration-ms="1802" status="PASS">
          <reporter-output>
          </reporter-output>
        </test-method> <!-- validateLogin -->
      </class> <!-- TestCases.LoginPageTestcase -->
    </test> <!-- Default test -->
  </suite> <!-- Default suite -->
</testng-results>
