<?xml version="1.0" encoding="UTF-8"?>
<!-- Generated by org.testng.reporters.JUnitReportReporter -->
<testsuite hostname="DESKTOP-8RTQIFQ" failures="0" tests="3" name="TestCases.HomePageTestCase" time="1.567" errors="0" timestamp="2026-04-25T23:33:22 IST" skipped="0">
  <testcase classname="TestCases.HomePageTestCase" name="verifyUrl" time="0.049"/>
  <testcase classname="TestCases.HomePageTestCase" name="verifyTitle" time="0.025"/>
  <testcase classname="TestCases.HomePageTestCase" name="validateSignInLink" time="1.493"/>
</testsuite> <!-- TestCases.HomePageTestCase -->
