<?xml version="1.0" encoding="UTF-8"?>
<!-- Generated by org.testng.reporters.JUnitReportReporter -->
<testsuite hostname="DESKTOP-8RTQIFQ" failures="0" tests="3" name="TestCases.HomePageTestCase" time="1.656" errors="0" timestamp="2026-04-25T20:53:53 IST" skipped="0">
  <testcase classname="TestCases.HomePageTestCase" name="verifyUrl" time="0.051"/>
  <testcase classname="TestCases.HomePageTestCase" name="verifyTitle" time="0.036"/>
  <testcase classname="TestCases.HomePageTestCase" name="validateSignInLink" time="1.569"/>
</testsuite> <!-- TestCases.HomePageTestCase -->
